FILE_TYPE=LIBRARY_PARTS;
PRIMITIVE 'TAJP226M006RNJ','TAJP226M006RNJ_Capacitor Moulded Polarised';
  PIN
    '+':
      PIN_NUMBER='(1)';
      NO_LOAD_CHECK=BOTH;
      NO_IO_CHECK=BOTH;
      ALLOW_CONNECT=TRUE;
      PINUSE='UNSPEC';
    '-':
      PIN_NUMBER='(2)';
      NO_LOAD_CHECK=BOTH;
      NO_IO_CHECK=BOTH;
      ALLOW_CONNECT=TRUE;
      PINUSE='UNSPEC';
  END_PIN;
  BODY
    PART_NAME='TAJP226M006RNJ';
    PHYS_DES_PREFIX='C';
    NO_LOAD_CHECK='TRUE';
    PIN_COUNT='2';
    BODY_NAME='TAJP226M006RNJ';
    JEDEC_TYPE='CAPPM2014X170N';
  END_BODY;
END_PRIMITIVE;
END.
